This is XeTeX, Version 3.1415926-2.5-0.9999.3 (TeX Live 2013/Debian) (format=xelatex 2016.10.8)  16 JAN 2017 16:45
entering extended mode
 restricted \write18 enabled.
 %&-line parsing enabled.
**labreport.tex
(./labreport.tex
LaTeX2e <2011/06/27>
Babel <3.9h> and hyphenation patterns for 78 languages loaded.
(/usr/share/texlive/texmf-dist/tex/latex/base/article.cls
Document Class: article 2007/10/19 v1.4h Standard LaTeX document class
(/usr/share/texlive/texmf-dist/tex/latex/base/size11.clo
File: size11.clo 2007/10/19 v1.4h Standard LaTeX file (size option)
)
\c@part=\count80
\c@section=\count81
\c@subsection=\count82
\c@subsubsection=\count83
\c@paragraph=\count84
\c@subparagraph=\count85
\c@figure=\count86
\c@table=\count87
\abovecaptionskip=\skip41
\belowcaptionskip=\skip42
\bibindent=\dimen102
)
(/usr/share/texlive/texmf-dist/tex/latex/multirow/multirow.sty
\bigstrutjot=\dimen103
)
(/usr/share/texlive/texmf-dist/tex/latex/tools/tabularx.sty
Package: tabularx 1999/01/07 v2.07 `tabularx' package (DPC)

(/usr/share/texlive/texmf-dist/tex/latex/tools/array.sty
Package: array 2008/09/09 v2.4c Tabular extension package (FMi)
\col@sep=\dimen104
\extrarowheight=\dimen105
\NC@list=\toks14
\extratabsurround=\skip43
\backup@length=\skip44
)
\TX@col@width=\dimen106
\TX@old@table=\dimen107
\TX@old@col=\dimen108
\TX@target=\dimen109
\TX@delta=\dimen110
\TX@cols=\count88
\TX@ftn=\toks15
)
(/usr/share/texlive/texmf-dist/tex/latex/tools/longtable.sty
Package: longtable 2004/02/01 v4.11 Multi-page Table package (DPC)
\LTleft=\skip45
\LTright=\skip46
\LTpre=\skip47
\LTpost=\skip48
\LTchunksize=\count89
\LTcapwidth=\dimen111
\LT@head=\box26
\LT@firsthead=\box27
\LT@foot=\box28
\LT@lastfoot=\box29
\LT@cols=\count90
\LT@rows=\count91
\c@LT@tables=\count92
\c@LT@chunks=\count93
\LT@p@ftn=\toks16
) (./labreport.aux)
\openout1 = `labreport.aux'.

LaTeX Font Info:    Checking defaults for OML/cmm/m/it on input line 24.
LaTeX Font Info:    ... okay on input line 24.
LaTeX Font Info:    Checking defaults for T1/cmr/m/n on input line 24.
LaTeX Font Info:    ... okay on input line 24.
LaTeX Font Info:    Checking defaults for OT1/cmr/m/n on input line 24.
LaTeX Font Info:    ... okay on input line 24.
LaTeX Font Info:    Checking defaults for OMS/cmsy/m/n on input line 24.
LaTeX Font Info:    ... okay on input line 24.
LaTeX Font Info:    Checking defaults for OMX/cmex/m/n on input line 24.
LaTeX Font Info:    ... okay on input line 24.
LaTeX Font Info:    Checking defaults for U/cmr/m/n on input line 24.
LaTeX Font Info:    ... okay on input line 24.
LaTeX Font Info:    External font `cmex10' loaded for size
(Font)              <12> on input line 36.
LaTeX Font Info:    External font `cmex10' loaded for size
(Font)              <8> on input line 36.
LaTeX Font Info:    External font `cmex10' loaded for size
(Font)              <6> on input line 36.

Overfull \hbox (3.86494pt too wide) in alignment at lines 61--65
 [] [] [] 
 []


Overfull \hbox (3.86494pt too wide) in alignment at lines 65--71
 [] [] [] 
 []


Overfull \hbox (3.86494pt too wide) in alignment at lines 71--74
 [] [] [] 
 []

LaTeX Font Info:    External font `cmex10' loaded for size
(Font)              <10.95> on input line 79.

Overfull \hbox (2.31877pt too wide) in paragraph at lines 79--86
[]|[]| 
 []


Underfull \hbox (badness 1226) in paragraph at lines 97--102
[]|\OT1/cmr/m/n/10.95 Steps can be taken to en-sure
 []


Overfull \hbox (2.31877pt too wide) in paragraph at lines 92--103
[]|[]| 
 []


Overfull \hbox (4.44092pt too wide) in paragraph at lines 104--105
[]|[]| 
 []


Underfull \hbox (badness 10000) in paragraph at lines 108--110
[]|\OT1/cmr/m/n/10.95 A ma-li-cious or in-com-pe-tent
 []


Underfull \hbox (badness 10000) in paragraph at lines 108--110
\OT1/cmr/m/n/10.95 re-sources, lim-it-ing sys-tem's
 []


Overfull \hbox (2.31877pt too wide) in paragraph at lines 106--113
[]|[]| 
 []


Underfull \hbox (badness 1158) in paragraph at lines 123--125
[]|\OT1/cmr/m/n/10.95 All sen-si-tive data is sent and
 []


Underfull \hbox (badness 10000) in paragraph at lines 123--125
\OT1/cmr/m/n/10.95 re-ceived via en-crypted, and
 []


Overfull \hbox (2.31877pt too wide) in paragraph at lines 118--126
[]|[]| 
 []


Underfull \hbox (badness 10000) in paragraph at lines 131--133
[]|\OT1/cmr/m/n/10.95 Compromised ac-counts could
 []


Underfull \hbox (badness 5970) in paragraph at lines 131--133
\OT1/cmr/m/n/10.95 con-sume sys-tem re-sources or
 []


Underfull \hbox (badness 10000) in paragraph at lines 134--136
[]|\OT1/cmr/m/n/10.95 Compromised ac-counts could
 []


Underfull \hbox (badness 10000) in paragraph at lines 137--139
[]|\OT1/cmr/m/n/10.95 Compromised ac-counts could
 []


Underfull \hbox (badness 10000) in paragraph at lines 137--139
\OT1/cmr/m/n/10.95 mod-ify sys-tem con-fig-u-ra-tions
 []


Overfull \hbox (2.31877pt too wide) in paragraph at lines 129--140
[]|[]| 
 []


Underfull \hbox (badness 1661) in paragraph at lines 148--154
\OT1/cmr/m/n/10.95 at-tempts) and adds IPs to a
 []


Overfull \hbox (2.31877pt too wide) in paragraph at lines 146--161
[]|[]| 
 []


Overfull \hbox (2.31877pt too wide) in paragraph at lines 164--171
[]|[]| 
 []


Overfull \hbox (2.31877pt too wide) in paragraph at lines 178--193
[]|[]| 
 []


Overfull \hbox (2.31877pt too wide) in paragraph at lines 196--204
[]|[]| 
 []


Overfull \hbox (2.31877pt too wide) in paragraph at lines 210--217
[]|[]| 
 []


Overfull \hbox (2.31877pt too wide) in paragraph at lines 220--225
[]|[]| 
 []


Overfull \hbox (2.31877pt too wide) in paragraph at lines 233--237
[]|[]| 
 []


Underfull \hbox (badness 1838) in paragraph at lines 245--247
[]|\OT1/cmr/m/n/10.95 Compromised PCs can ex-pose
 []


Underfull \hbox (badness 10000) in paragraph at lines 245--247
\OT1/cmr/m/n/10.95 ``internal''--only re-sources to
 []


Overfull \hbox (2.31877pt too wide) in paragraph at lines 240--248
[]|[]| 
 []


Overfull \hbox (3.86494pt too wide) in alignment at lines 74--254
 [] [] [] 
 []


Overfull \hbox (2.31877pt too wide) in paragraph at lines 256--266
[]|[]| 
 []


Underfull \hbox (badness 2591) in paragraph at lines 271--273
\OT1/cmr/m/n/10.95 to gain ac-cess to sys-tem re-
 []


Overfull \hbox (2.31877pt too wide) in paragraph at lines 269--277
[]|[]| 
 []


Overfull \hbox (2.31877pt too wide) in paragraph at lines 283--290
[]|[]| 
 []


Overfull \hbox (3.86494pt too wide) in alignment at lines 254--318
 [] [] [] 
 []

[1

] [2] [3] [4] [5]
! Missing $ inserted.
<inserted text> 
                $
l.353   \left
             [ {\begin{array}{cc}
I've inserted a begin-math/end-math symbol since I think
you left one out. Proceed, with fingers crossed.

! Extra alignment tab has been changed to \cr.
<recently read> \endtemplate 
                             
l.354    1 & 2 \       3 &
                           4 \      \end{array} } \right]
You have given more \span or & marks than there were
in the preamble to the \halign or \valign now in progress.
So I'll assume that you meant to type \cr instead.

! Missing $ inserted.
<inserted text> 
                $
l.356 
      
I've inserted a begin-math/end-math symbol since I think
you left one out. Proceed, with fingers crossed.

[6] (./labreport.aux) ) 
Here is how much of TeX's memory you used:
 426 strings out of 493918
 4847 string characters out of 6150563
 89728 words of memory out of 5000000
 3812 multiletter control sequences out of 15000+600000
 8504 words of font info for 30 fonts, out of 8000000 for 9000
 1144 hyphenation exceptions out of 8191
 21i,14n,19p,151b,222s stack positions out of 5000i,500n,10000p,200000b,80000s

Output written on labreport.pdf (6 pages).
